[debug] [2021-10-08T10:53:34.553Z] ----------------------------------------------------------------------
[debug] [2021-10-08T10:53:34.555Z] Command:       C:\Program Files\nodejs\node.exe C:\Users\Bryksiu\AppData\Roaming\npm\node_modules\firebase-tools\lib\bin\firebase.js init
[debug] [2021-10-08T10:53:34.555Z] CLI Version:   9.18.0
[debug] [2021-10-08T10:53:34.555Z] Platform:      win32
[debug] [2021-10-08T10:53:34.555Z] Node Version:  v15.8.0
[debug] [2021-10-08T10:53:34.556Z] Time:          Fri Oct 08 2021 12:53:34 GMT+0200 (czas środkowoeuropejski letni)
[debug] [2021-10-08T10:53:34.556Z] ----------------------------------------------------------------------
[debug] 
[debug] [2021-10-08T10:53:34.558Z] >>> [apiv2][query] GET https://firebase-public.firebaseio.com/cli.json [none]
[debug] [2021-10-08T10:53:34.617Z] > command requires scopes: ["email","openid","https://www.googleapis.com/auth/cloudplatformprojects.readonly","https://www.googleapis.com/auth/firebase","https://www.googleapis.com/auth/cloud-platform"]
[debug] [2021-10-08T10:53:34.617Z] > authorizing via signed-in user (pwojtekp@gmail.com)
[info] 
     ######## #### ########  ######## ########     ###     ######  ########
     ##        ##  ##     ## ##       ##     ##  ##   ##  ##       ##
     ######    ##  ########  ######   ########  #########  ######  ######
     ##        ##  ##    ##  ##       ##     ## ##     ##       ## ##
     ##       #### ##     ## ######## ########  ##     ##  ######  ########

You're about to initialize a Firebase project in this directory:

  C:\Users\Bryksiu\Desktop\my-beer-hub\my-beer-hub

Before we get started, keep in mind:

  * You are initializing within an existing Firebase project directory

[debug] [2021-10-08T10:53:35.091Z] <<< [apiv2][status] GET https://firebase-public.firebaseio.com/cli.json 200
[debug] [2021-10-08T10:53:35.091Z] <<< [apiv2][body] GET https://firebase-public.firebaseio.com/cli.json {"cloudBuildErrorAfter":1594252800000,"cloudBuildWarnAfter":1590019200000,"defaultNode10After":1594252800000,"minVersion":"3.0.5","node8DeploysDisabledAfter":1613390400000,"node8RuntimeDisabledAfter":1615809600000,"node8WarnAfter":1600128000000}
[info] 
=== Project Setup
[info] 
[info] First, let's associate this project directory with a Firebase project.
[info] You can create multiple project aliases by running firebase use --add, 
[info] but for now we'll just set up a default project.
[info] 
[info] i  .firebaserc already has a default project, using my-beer-hub-355e2. 
[debug] [2021-10-08T10:53:46.883Z] > refreshing access token with scopes: []
[debug] [2021-10-08T10:53:46.883Z] >>> HTTP REQUEST POST https://www.googleapis.com/oauth2/v3/token  
 <request body omitted>
[debug] [2021-10-08T10:53:47.020Z] <<< HTTP RESPONSE 200 {"pragma":"no-cache","cache-control":"no-cache, no-store, max-age=0, must-revalidate","date":"Fri, 08 Oct 2021 10:53:49 GMT","expires":"Mon, 01 Jan 1990 00:00:00 GMT","content-type":"application/json; charset=utf-8","vary":"X-Origin, Referer, Origin,Accept-Encoding","server":"scaffolding on HTTPServer2","x-xss-protection":"0","x-frame-options":"SAMEORIGIN","x-content-type-options":"nosniff","alt-svc":"h3=\":443\"; ma=2592000,h3-29=\":443\"; ma=2592000,h3-T051=\":443\"; ma=2592000,h3-Q050=\":443\"; ma=2592000,h3-Q046=\":443\"; ma=2592000,h3-Q043=\":443\"; ma=2592000,quic=\":443\"; ma=2592000; v=\"46,43\"","accept-ranges":"none","transfer-encoding":"chunked"}
[debug] [2021-10-08T10:53:47.026Z] >>> [apiv2][query] GET https://firebase.googleapis.com/v1beta1/projects/my-beer-hub-355e2 [none]
[debug] [2021-10-08T10:53:47.309Z] <<< [apiv2][status] GET https://firebase.googleapis.com/v1beta1/projects/my-beer-hub-355e2 200
[debug] [2021-10-08T10:53:47.309Z] <<< [apiv2][body] GET https://firebase.googleapis.com/v1beta1/projects/my-beer-hub-355e2 {"projectId":"my-beer-hub-355e2","projectNumber":"553383193207","displayName":"My-Beer-Hub ","name":"projects/my-beer-hub-355e2","resources":{"hostingSite":"my-beer-hub-355e2","storageBucket":"my-beer-hub-355e2.appspot.com","locationId":"europe-west"},"state":"ACTIVE"}
[info] 
=== Hosting Setup
[info] 
[info] Your public directory is the folder (relative to your project directory) that
[info] will contain Hosting assets to be uploaded with firebase deploy. If you
[info] have a build process for your assets, use your build's output directory.
[info] 
[info] +  Wrote build/404.html 
[debug] [2021-10-08T10:54:03.467Z] >>> [apiv2][query] GET https://www.gstatic.com/firebasejs/releases.json [none]
[debug] [2021-10-08T10:54:03.547Z] <<< [apiv2][status] GET https://www.gstatic.com/firebasejs/releases.json 200
[debug] [2021-10-08T10:54:03.547Z] <<< [apiv2][body] GET https://www.gstatic.com/firebasejs/releases.json {"current":{"version":"9.1.2","browserURL":"https://www.gstatic.com/firebasejs/9.1.2/firebase.js","packageURL":"https://www.gstatic.com/firebasejs/9.1.2/firebase.tgz"},"live":{"version":"9.1","browserURL":"https://www.gstatic.com/firebasejs/live/9.1/firebase.js","packageURL":"https://www.gstatic.com/firebasejs/live/9.1/firebase.tgz"},"components":{"analytics":"https://www.gstatic.com/firebasejs/9.1.2/firebase-analytics.js","app":"https://www.gstatic.com/firebasejs/9.1.2/firebase-app.js","app-check":"https://www.gstatic.com/firebasejs/9.1.2/firebase-app-check.js","auth":"https://www.gstatic.com/firebasejs/9.1.2/firebase-auth.js","auth/cordova":"https://www.gstatic.com/firebasejs/9.1.2/firebase-auth/cordova.js","auth/react-native":"https://www.gstatic.com/firebasejs/9.1.2/firebase-auth/react-native.js","functions":"https://www.gstatic.com/firebasejs/9.1.2/firebase-functions.js","firestore":"https://www.gstatic.com/firebasejs/9.1.2/firebase-firestore.js","firestore/lite":"https://www.gstatic.com/firebasejs/9.1.2/firebase-firestore/lite.js","storage":"https://www.gstatic.com/firebasejs/9.1.2/firebase-storage.js","performance":"https://www.gstatic.com/firebasejs/9.1.2/firebase-performance.js","remote-config":"https://www.gstatic.com/firebasejs/9.1.2/firebase-remote-config.js","messaging":"https://www.gstatic.com/firebasejs/9.1.2/firebase-messaging.js","messaging/sw":"https://www.gstatic.com/firebasejs/9.1.2/firebase-messaging/sw.js","database":"https://www.gstatic.com/firebasejs/9.1.2/firebase-database.js","firestore.memory":"https://www.gstatic.com/firebasejs/9.1.2/firebase-firestore.memory.js"}}
[debug] [2021-10-08T10:54:16.529Z] ----------------------------------------------------------------------
[debug] [2021-10-08T10:54:16.530Z] Command:       C:\Program Files\nodejs\node.exe C:\Users\Bryksiu\AppData\Roaming\npm\node_modules\firebase-tools\lib\bin\firebase.js init
[debug] [2021-10-08T10:54:16.531Z] CLI Version:   9.18.0
[debug] [2021-10-08T10:54:16.531Z] Platform:      win32
[debug] [2021-10-08T10:54:16.531Z] Node Version:  v15.8.0
[debug] [2021-10-08T10:54:16.531Z] Time:          Fri Oct 08 2021 12:54:16 GMT+0200 (czas środkowoeuropejski letni)
[debug] [2021-10-08T10:54:16.532Z] ----------------------------------------------------------------------
[debug] 
[debug] [2021-10-08T10:54:16.576Z] > command requires scopes: ["email","openid","https://www.googleapis.com/auth/cloudplatformprojects.readonly","https://www.googleapis.com/auth/firebase","https://www.googleapis.com/auth/cloud-platform"]
[debug] [2021-10-08T10:54:16.576Z] > authorizing via signed-in user (pwojtekp@gmail.com)
[info] 
     ######## #### ########  ######## ########     ###     ######  ########
     ##        ##  ##     ## ##       ##     ##  ##   ##  ##       ##
     ######    ##  ########  ######   ########  #########  ######  ######
     ##        ##  ##    ##  ##       ##     ## ##     ##       ## ##
     ##       #### ##     ## ######## ########  ##     ##  ######  ########

You're about to initialize a Firebase project in this directory:

  C:\Users\Bryksiu\Desktop\my-beer-hub\my-beer-hub

Before we get started, keep in mind:

  * You are initializing within an existing Firebase project directory

[info] 
=== Project Setup
[info] 
[info] First, let's associate this project directory with a Firebase project.
[info] You can create multiple project aliases by running firebase use --add, 
[info] but for now we'll just set up a default project.
[info] 
[info] i  .firebaserc already has a default project, using my-beer-hub-355e2. 
[debug] [2021-10-08T10:54:20.576Z] >>> [apiv2][query] GET https://firebase.googleapis.com/v1beta1/projects/my-beer-hub-355e2 [none]
[debug] [2021-10-08T10:54:20.870Z] <<< [apiv2][status] GET https://firebase.googleapis.com/v1beta1/projects/my-beer-hub-355e2 200
[debug] [2021-10-08T10:54:20.870Z] <<< [apiv2][body] GET https://firebase.googleapis.com/v1beta1/projects/my-beer-hub-355e2 {"projectId":"my-beer-hub-355e2","projectNumber":"553383193207","displayName":"My-Beer-Hub ","name":"projects/my-beer-hub-355e2","resources":{"hostingSite":"my-beer-hub-355e2","storageBucket":"my-beer-hub-355e2.appspot.com","locationId":"europe-west"},"state":"ACTIVE"}
[info] 
=== Hosting:github Setup
[info] 
[info] i  Detected a .git folder at C:\Users\Bryksiu\Desktop\my-beer-hub\my-beer-hub 
[info] i  Authorizing with GitHub to upload your service account to a GitHub repository's secrets store. 
[info] 
[info] Visit this URL on this device to log in:
[info] https://github.com/login/oauth/authorize?client_id=89cf50f02ac6aaed3484&state=590110478&redirect_uri=http%3A%2F%2Flocalhost%3A9005&scope=read%3Auser%20repo%20public_repo
[info] 
[info] Waiting for authentication...
[debug] [2021-10-08T10:54:21.521Z] >>> HTTP REQUEST POST https://github.com/login/oauth/access_token  
 {"client_id":"89cf50f02ac6aaed3484","client_secret":"3330d14abc895d9a74d5f17cd7a00711fa2c5bf0","code":"6a201a0efd20543d04f5","redirect_uri":"http://localhost:9005","state":"590110478"}
[debug] [2021-10-08T10:54:21.809Z] <<< HTTP RESPONSE 200 {"server":"GitHub.com","date":"Fri, 08 Oct 2021 10:54:23 GMT","content-type":"application/json; charset=utf-8","transfer-encoding":"chunked","vary":"X-PJAX, X-PJAX-Container, Accept-Encoding, Accept, X-Requested-With","permissions-policy":"interest-cohort=()","etag":"W/\"915afb7a9212e75466504daddbd704f6\"","cache-control":"max-age=0, private, must-revalidate","strict-transport-security":"max-age=31536000; includeSubdomains; preload","x-frame-options":"deny","x-content-type-options":"nosniff","x-xss-protection":"0","referrer-policy":"origin-when-cross-origin, strict-origin-when-cross-origin","expect-ct":"max-age=2592000, report-uri=\"https://api.github.com/_private/browser/errors\"","content-security-policy":"default-src 'none'; base-uri 'self'; block-all-mixed-content; child-src github.com/assets-cdn/worker/ gist.github.com/assets-cdn/worker/; connect-src 'self' uploads.github.com www.githubstatus.com collector.githubapp.com api.github.com github-cloud.s3.amazonaws.com github-production-repository-file-5c1aeb.s3.amazonaws.com github-production-upload-manifest-file-7fdce7.s3.amazonaws.com github-production-user-asset-6210df.s3.amazonaws.com cdn.optimizely.com logx.optimizely.com/v1/events translator.github.com wss://alive.github.com; font-src github.githubassets.com; form-action 'self' github.com gist.github.com; frame-ancestors 'none'; frame-src render.githubusercontent.com viewscreen.githubusercontent.com viewscreen-lab.githubusercontent.com; img-src 'self' data: github.githubassets.com identicons.github.com collector.githubapp.com github-cloud.s3.amazonaws.com secured-user-images.githubusercontent.com/ *.githubusercontent.com; manifest-src 'self'; media-src github.com user-images.githubusercontent.com/; script-src github.githubassets.com; style-src 'unsafe-inline' github.githubassets.com; worker-src github.com/assets-cdn/worker/ gist.github.com/assets-cdn/worker/ github.com/socket-worker-0af8a29d.js gist.github.com/socket-worker-0af8a29d.js","x-github-request-id":"D11D:2CC6:34A4:3741:6160235F"}
[debug] [2021-10-08T10:54:21.816Z] >>> [apiv2][query] GET https://api.github.com/user [none]
[debug] [2021-10-08T10:54:22.145Z] <<< [apiv2][status] GET https://api.github.com/user 200
[debug] [2021-10-08T10:54:22.145Z] <<< [apiv2][body] GET https://api.github.com/user {"login":"wojciechpajor","id":42919552,"node_id":"MDQ6VXNlcjQyOTE5NTUy","avatar_url":"https://avatars.githubusercontent.com/u/42919552?v=4","gravatar_id":"","url":"https://api.github.com/users/wojciechpajor","html_url":"https://github.com/wojciechpajor","followers_url":"https://api.github.com/users/wojciechpajor/followers","following_url":"https://api.github.com/users/wojciechpajor/following{/other_user}","gists_url":"https://api.github.com/users/wojciechpajor/gists{/gist_id}","starred_url":"https://api.github.com/users/wojciechpajor/starred{/owner}{/repo}","subscriptions_url":"https://api.github.com/users/wojciechpajor/subscriptions","organizations_url":"https://api.github.com/users/wojciechpajor/orgs","repos_url":"https://api.github.com/users/wojciechpajor/repos","events_url":"https://api.github.com/users/wojciechpajor/events{/privacy}","received_events_url":"https://api.github.com/users/wojciechpajor/received_events","type":"User","site_admin":false,"name":"Wojciech Pajor","company":null,"blog":"","location":null,"email":null,"hireable":null,"bio":null,"twitter_username":null,"public_repos":6,"public_gists":0,"followers":3,"following":3,"created_at":"2018-09-02T23:13:37Z","updated_at":"2021-08-12T18:08:18Z","private_gists":0,"total_private_repos":0,"owned_private_repos":0,"disk_usage":2630,"collaborators":0,"two_factor_authentication":false,"plan":{"name":"free","space":976562499,"collaborators":0,"private_repos":10000}}
[info] 
[info] +  Success! Logged into GitHub as wojciechpajor 
[info] 
